2023-12-08 17:42:21,563|azureml|DEBUG|Inputs:: kwargs: {'OutputCollection': True, 'EnableMLflowTracking': True, 'snapshotProject': True}, track_folders: None, deny_list: None, directories_to_watch: ['logs', 'logs/azureml']
2023-12-08 17:42:21,563|azureml.history._tracking.PythonWorkingDirectory|DEBUG|Execution target type: none
2023-12-08 17:42:21,563|azureml.history._tracking.PythonWorkingDirectory|DEBUG|Failed to import pyspark with error: No module named 'pyspark'
2023-12-08 17:42:21,564|azureml.history._tracking.PythonWorkingDirectory.workingdir|DEBUG|Pinning working directory for filesystems: ['pyfs']
2023-12-08 17:42:22,038|azureml.core.run|DEBUG|Adding new factory <function ScriptRun._from_run_dto at 0x7fca07168730> for run source azureml.scriptrun
2023-12-08 17:42:22,040|azureml.core.run|DEBUG|Identity in use is not set. Falling back to using AMLToken
2023-12-08 17:42:22,040|azureml.core.run|DEBUG|Using AMLToken auth for remote run
2023-12-08 17:42:22,045|azureml.core.authentication.TokenRefresherDaemon|DEBUG|Starting daemon and triggering first instance
2023-12-08 17:42:22,055|azureml._restclient.clientbase|INFO|Created a worker pool for first use
2023-12-08 17:42:22,056|azureml.core.authentication|DEBUG|Time to expire 1821437.94392 seconds
2023-12-08 17:42:22,056|azureml._restclient.service_context|DEBUG|Created a static thread pool for ServiceContext class
2023-12-08 17:42:22,056|azureml._restclient.clientbase|DEBUG|ClientBase: Calling get with url None
2023-12-08 17:42:22,113|azureml._base_sdk_common.service_discovery|DEBUG|Found history service url in environment variable AZUREML_SERVICE_ENDPOINT, history service url: https://eastus2.api.azureml.ms.
2023-12-08 17:42:22,113|azureml._base_sdk_common.service_discovery|DEBUG|Found history service url in environment variable AZUREML_SERVICE_ENDPOINT, history service url: https://eastus2.api.azureml.ms.
2023-12-08 17:42:22,113|azureml._base_sdk_common.service_discovery|DEBUG|Found history service url in environment variable AZUREML_SERVICE_ENDPOINT, history service url: https://eastus2.api.azureml.ms.
2023-12-08 17:42:22,113|azureml._base_sdk_common.service_discovery|DEBUG|Found history service url in environment variable AZUREML_SERVICE_ENDPOINT, history service url: https://eastus2.api.azureml.ms.
2023-12-08 17:42:22,114|azureml._base_sdk_common.service_discovery|DEBUG|Found history service url in environment variable AZUREML_SERVICE_ENDPOINT, history service url: https://eastus2.api.azureml.ms.
2023-12-08 17:42:22,114|azureml._base_sdk_common.service_discovery|DEBUG|Found history service url in environment variable AZUREML_SERVICE_ENDPOINT, history service url: https://eastus2.api.azureml.ms.
2023-12-08 17:42:22,114|azureml._base_sdk_common.service_discovery|DEBUG|Found history service url in environment variable AZUREML_SERVICE_ENDPOINT, history service url: https://eastus2.api.azureml.ms.
2023-12-08 17:42:22,243|azureml._SubmittedRun#mslearn-diabetes_1702057179_5cd71132.RunHistoryFacade.RunClient.get_by_exp_id-async:False|DEBUG|[START]
2023-12-08 17:42:22,243|azureml._SubmittedRun#mslearn-diabetes_1702057179_5cd71132.RunHistoryFacade.RunClient|DEBUG|ClientBase: Calling get_by_exp_id with url /history/v1.0/subscriptions/{subscriptionId}/resourceGroups/{resourceGroupName}/providers/Microsoft.MachineLearningServices/workspaces/{workspaceName}/experimentids/{experimentId}/runs/{runId}
2023-12-08 17:42:22,301|azureml._SubmittedRun#mslearn-diabetes_1702057179_5cd71132.RunHistoryFacade.RunClient.get_by_exp_id-async:False|DEBUG|[STOP]
2023-12-08 17:42:22,302|azureml._SubmittedRun#mslearn-diabetes_1702057179_5cd71132|DEBUG|Constructing run from dto. type: azureml.scriptrun, source: None, props: {'_azureml.ComputeTargetType': 'local', 'ContentSnapshotId': 'f7a7bc79-4e56-4f81-8ae2-c88669aa58e6', 'azureml.git.repository_uri': 'https://github.com/hugosouto/mslearn-dp100', 'mlflow.source.git.repoURL': 'https://github.com/hugosouto/mslearn-dp100', 'azureml.git.branch': 'main', 'mlflow.source.git.branch': 'main', 'azureml.git.commit': 'ce213ce1a287408c9f804f3faa71fec727ab6b2a', 'mlflow.source.git.commit': 'ce213ce1a287408c9f804f3faa71fec727ab6b2a', 'azureml.git.dirty': 'False'}
2023-12-08 17:42:22,302|azureml._SubmittedRun#mslearn-diabetes_1702057179_5cd71132.RunContextManager|DEBUG|Valid logs dir, setting up content loader
2023-12-08 17:42:22,906|azureml|DEBUG|Installed with mlflow version 1.23.1.
2023-12-08 17:42:22,906|azureml.mlflow|DEBUG|Setting up a Remote MLflow run
2023-12-08 17:42:23,022|azureml.mlflow|DEBUG|Creating a tracking uri in eastus2.api.azureml.ms for workspace /subscriptions/8d9e1c77-ff72-4b8b-ae60-b0b46a4d99a8/resourceGroups/rg-dp100-labs/providers/Microsoft.MachineLearningServices/workspaces/mlw-dp100-labs
2023-12-08 17:42:23,022|azureml.mlflow|DEBUG|Setting MLflow tracking uri env var
2023-12-08 17:42:23,022|azureml.mlflow|DEBUG|Setting MLflow run id env var with mslearn-diabetes_1702057179_5cd71132
2023-12-08 17:42:23,022|azureml.mlflow|DEBUG|Setting Mlflow experiment with mslearn-diabetes
2023-12-08 17:42:23,022|azureml.mlflow|DEBUG|Setting Mlflow experiment with a419d40e-7c6b-4cc1-9d2c-906a73371c9b
2023-12-08 17:42:23,023|azureml.mlflow|DEBUG|Setting the mlflow tag mlflow.source.type
2023-12-08 17:42:23,024|azureml.mlflow|DEBUG|Setting the mlflow tag mlflow.source.name
2023-12-08 17:42:23,024|azureml._SubmittedRun#mslearn-diabetes_1702057179_5cd71132.RunHistoryFacade.RunClient.get_details-async:False|DEBUG|[START]
2023-12-08 17:42:23,024|azureml._SubmittedRun#mslearn-diabetes_1702057179_5cd71132.RunHistoryFacade.RunClient|DEBUG|ClientBase: Calling get_details with url /history/v1.0/subscriptions/{subscriptionId}/resourceGroups/{resourceGroupName}/providers/Microsoft.MachineLearningServices/workspaces/{workspaceName}/experiments/{experimentName}/runs/{runId}/details
2023-12-08 17:42:23,096|azureml._SubmittedRun#mslearn-diabetes_1702057179_5cd71132.RunHistoryFacade.RunClient.get_details-async:False|DEBUG|[STOP]
2023-12-08 17:42:23,099|azureml._SubmittedRun#mslearn-diabetes_1702057179_5cd71132.RunHistoryFacade.ArtifactsClient|DEBUG|Fetching files for prefix in ExperimentRun, dcid.mslearn-diabetes_1702057179_5cd71132, user_logs
2023-12-08 17:42:23,099|azureml._SubmittedRun#mslearn-diabetes_1702057179_5cd71132.RunHistoryFacade.ArtifactsClient.list_sas_by_prefix-async:True|DEBUG|[START]
2023-12-08 17:42:23,099|azureml._restclient.service_context.WorkerPool|DEBUG|submitting future: _execute_with_base_arguments
2023-12-08 17:42:23,100|azureml._SubmittedRun#mslearn-diabetes_1702057179_5cd71132.RunHistoryFacade.ArtifactsClient|DEBUG|ClientBase: Calling list_sas_by_prefix with url /artifact/v2.0/subscriptions/{subscriptionId}/resourceGroups/{resourceGroupName}/providers/Microsoft.MachineLearningServices/workspaces/{workspaceName}/artifacts/prefix/contentinfo/{origin}/{container}/{path}
2023-12-08 17:42:23,100|azureml._SubmittedRun#mslearn-diabetes_1702057179_5cd71132.RunHistoryFacade.ArtifactsClient.list_sas_by_prefix|DEBUG|Using basic handler - no exception handling
2023-12-08 17:42:23,101|azureml._SubmittedRun#mslearn-diabetes_1702057179_5cd71132.RunHistoryFacade.ArtifactsClient.list_sas_by_prefix-async:True|DEBUG|[STOP]
2023-12-08 17:42:23,101|azureml._SubmittedRun#mslearn-diabetes_1702057179_5cd71132.RunHistoryFacade.ArtifactsClient.list_sas_by_prefix.WaitingTask|DEBUG|[START]
2023-12-08 17:42:23,101|azureml._SubmittedRun#mslearn-diabetes_1702057179_5cd71132.RunHistoryFacade.ArtifactsClient.list_sas_by_prefix.WaitingTask|DEBUG|Awaiter is ApiPagination
2023-12-08 17:42:23,150|azureml._SubmittedRun#mslearn-diabetes_1702057179_5cd71132.RunHistoryFacade.ArtifactsClient.list_sas_by_prefix.WaitingTask|DEBUG|[STOP]
2023-12-08 17:42:23,150|azureml._restclient.clientbase|DEBUG|Found continuation_token field in DTO
2023-12-08 17:42:23,151|azureml._SubmittedRun#mslearn-diabetes_1702057179_5cd71132.RunHistoryFacade.ArtifactsClient|DEBUG|Fetching files for prefix in ExperimentRun, dcid.mslearn-diabetes_1702057179_5cd71132, system_logs
2023-12-08 17:42:23,151|azureml._SubmittedRun#mslearn-diabetes_1702057179_5cd71132.RunHistoryFacade.ArtifactsClient.list_sas_by_prefix-async:True|DEBUG|[START]
2023-12-08 17:42:23,151|azureml._restclient.service_context.WorkerPool|DEBUG|submitting future: _execute_with_base_arguments
2023-12-08 17:42:23,152|azureml._SubmittedRun#mslearn-diabetes_1702057179_5cd71132.RunHistoryFacade.ArtifactsClient|DEBUG|ClientBase: Calling list_sas_by_prefix with url /artifact/v2.0/subscriptions/{subscriptionId}/resourceGroups/{resourceGroupName}/providers/Microsoft.MachineLearningServices/workspaces/{workspaceName}/artifacts/prefix/contentinfo/{origin}/{container}/{path}
2023-12-08 17:42:23,155|azureml._SubmittedRun#mslearn-diabetes_1702057179_5cd71132.RunHistoryFacade.ArtifactsClient.list_sas_by_prefix|DEBUG|Using basic handler - no exception handling
2023-12-08 17:42:23,155|azureml._SubmittedRun#mslearn-diabetes_1702057179_5cd71132.RunHistoryFacade.ArtifactsClient.list_sas_by_prefix-async:True|DEBUG|[STOP]
2023-12-08 17:42:23,155|azureml._SubmittedRun#mslearn-diabetes_1702057179_5cd71132.RunHistoryFacade.ArtifactsClient.list_sas_by_prefix.WaitingTask|DEBUG|[START]
2023-12-08 17:42:23,155|azureml._SubmittedRun#mslearn-diabetes_1702057179_5cd71132.RunHistoryFacade.ArtifactsClient.list_sas_by_prefix.WaitingTask|DEBUG|Awaiter is ApiPagination
2023-12-08 17:42:23,197|azureml._SubmittedRun#mslearn-diabetes_1702057179_5cd71132.RunHistoryFacade.ArtifactsClient.list_sas_by_prefix.WaitingTask|DEBUG|[STOP]
2023-12-08 17:42:23,197|azureml._restclient.clientbase|DEBUG|Found continuation_token field in DTO
2023-12-08 17:42:23,198|azureml._SubmittedRun#mslearn-diabetes_1702057179_5cd71132.RunHistoryFacade.RunClient.patch_by_exp_id-async:False|DEBUG|[START]
2023-12-08 17:42:23,198|azureml._SubmittedRun#mslearn-diabetes_1702057179_5cd71132.RunHistoryFacade.RunClient|DEBUG|ClientBase: Calling patch_by_exp_id with url /history/v1.0/subscriptions/{subscriptionId}/resourceGroups/{resourceGroupName}/providers/Microsoft.MachineLearningServices/workspaces/{workspaceName}/experimentids/{experimentId}/runs/{runId}
2023-12-08 17:42:23,257|azureml._SubmittedRun#mslearn-diabetes_1702057179_5cd71132.RunHistoryFacade.RunClient.patch_by_exp_id-async:False|DEBUG|[STOP]
2023-12-08 17:42:23,257|azureml.WorkerPool|DEBUG|[START]
2023-12-08 17:42:23,257|azureml.SendRunKillSignal|DEBUG|[START]
2023-12-08 17:42:23,257|azureml.RunStatusContext|DEBUG|[START]
2023-12-08 17:42:23,257|azureml._SubmittedRun#mslearn-diabetes_1702057179_5cd71132.RunContextManager.RunStatusContext|DEBUG|[START]
2023-12-08 17:42:23,257|azureml.MetricsClient|DEBUG|[START]
2023-12-08 17:42:23,258|azureml._SubmittedRun#mslearn-diabetes_1702057179_5cd71132.RunHistoryFacade.MetricsClient|DEBUG|[START]
2023-12-08 17:42:23,258|azureml.ContentUploader|DEBUG|[START]
2023-12-08 17:42:23,258|azureml._history.utils.context_managers|DEBUG|starting file watcher
2023-12-08 17:42:23,259|azureml._history.utils.context_managers.FileWatcher.UploadQueue|DEBUG|[Start]
2023-12-08 17:42:23,259|azureml.TrackFolders|DEBUG|[START]
2023-12-08 17:42:23,259|azureml.WorkingDirectoryCM|DEBUG|[START]
2023-12-08 17:42:23,259|azureml.history._tracking.PythonWorkingDirectory.workingdir|DEBUG|[START]
2023-12-08 17:42:23,259|azureml.history._tracking.PythonWorkingDirectory|INFO|Current working dir: /azureml-run
2023-12-08 17:42:23,259|azureml.history._tracking.PythonWorkingDirectory.workingdir|DEBUG|Calling pyfs
2023-12-08 17:42:23,259|azureml.history._tracking.PythonWorkingDirectory.workingdir|DEBUG|Storing working dir for pyfs as /azureml-run
2023-12-08 17:42:23,271|azureml.core.run|DEBUG|Identity in use is not set. Falling back to using AMLToken
2023-12-08 17:42:23,271|azureml.core.run|DEBUG|Using AMLToken auth for remote run
2023-12-08 17:42:23,271|azureml._restclient.service_context|DEBUG|Access an existing static threadpool for ServiceContext class
2023-12-08 17:42:23,272|azureml._SubmittedRun#mslearn-diabetes_1702057179_5cd71132.RunHistoryFacade.ArtifactsClient.batch_create_empty_artifacts-async:False|DEBUG|[START]
2023-12-08 17:42:23,272|azureml._SubmittedRun#mslearn-diabetes_1702057179_5cd71132.RunHistoryFacade.ArtifactsClient|DEBUG|ClientBase: Calling batch_create_empty_artifacts with url /artifact/v2.0/subscriptions/{subscriptionId}/resourceGroups/{resourceGroupName}/providers/Microsoft.MachineLearningServices/workspaces/{workspaceName}/artifacts/batch/metadata/{origin}/{container}
2023-12-08 17:42:23,274|azureml._base_sdk_common.service_discovery|DEBUG|Found history service url in environment variable AZUREML_SERVICE_ENDPOINT, history service url: https://eastus2.api.azureml.ms.
2023-12-08 17:42:23,275|azureml._base_sdk_common.service_discovery|DEBUG|Found history service url in environment variable AZUREML_SERVICE_ENDPOINT, history service url: https://eastus2.api.azureml.ms.
2023-12-08 17:42:23,275|azureml._base_sdk_common.service_discovery|DEBUG|Found history service url in environment variable AZUREML_SERVICE_ENDPOINT, history service url: https://eastus2.api.azureml.ms.
2023-12-08 17:42:23,275|azureml._base_sdk_common.service_discovery|DEBUG|Found history service url in environment variable AZUREML_SERVICE_ENDPOINT, history service url: https://eastus2.api.azureml.ms.
2023-12-08 17:42:23,276|azureml._base_sdk_common.service_discovery|DEBUG|Found history service url in environment variable AZUREML_SERVICE_ENDPOINT, history service url: https://eastus2.api.azureml.ms.
2023-12-08 17:42:23,276|azureml._base_sdk_common.service_discovery|DEBUG|Found history service url in environment variable AZUREML_SERVICE_ENDPOINT, history service url: https://eastus2.api.azureml.ms.
2023-12-08 17:42:23,276|azureml._base_sdk_common.service_discovery|DEBUG|Found history service url in environment variable AZUREML_SERVICE_ENDPOINT, history service url: https://eastus2.api.azureml.ms.
2023-12-08 17:42:23,311|azureml._SubmittedRun#mslearn-diabetes_1702057179_5cd71132.RunHistoryFacade.RunClient.get_by_exp_id-async:False|DEBUG|[START]
2023-12-08 17:42:23,311|azureml._SubmittedRun#mslearn-diabetes_1702057179_5cd71132.RunHistoryFacade.RunClient|DEBUG|ClientBase: Calling get_by_exp_id with url /history/v1.0/subscriptions/{subscriptionId}/resourceGroups/{resourceGroupName}/providers/Microsoft.MachineLearningServices/workspaces/{workspaceName}/experimentids/{experimentId}/runs/{runId}
2023-12-08 17:42:23,353|azureml._SubmittedRun#mslearn-diabetes_1702057179_5cd71132.RunHistoryFacade.RunClient.get_by_exp_id-async:False|DEBUG|[STOP]
2023-12-08 17:42:23,354|azureml._SubmittedRun#mslearn-diabetes_1702057179_5cd71132|DEBUG|Constructing run from dto. type: azureml.scriptrun, source: None, props: {'_azureml.ComputeTargetType': 'local', 'ContentSnapshotId': 'f7a7bc79-4e56-4f81-8ae2-c88669aa58e6', 'azureml.git.repository_uri': 'https://github.com/hugosouto/mslearn-dp100', 'mlflow.source.git.repoURL': 'https://github.com/hugosouto/mslearn-dp100', 'azureml.git.branch': 'main', 'mlflow.source.git.branch': 'main', 'azureml.git.commit': 'ce213ce1a287408c9f804f3faa71fec727ab6b2a', 'mlflow.source.git.commit': 'ce213ce1a287408c9f804f3faa71fec727ab6b2a', 'azureml.git.dirty': 'False'}
2023-12-08 17:42:23,354|azureml._SubmittedRun#mslearn-diabetes_1702057179_5cd71132.RunContextManager|DEBUG|Valid logs dir, setting up content loader
2023-12-08 17:42:23,370|azureml._SubmittedRun#mslearn-diabetes_1702057179_5cd71132.RunHistoryFacade.MetricsClient|DEBUG|Overrides: Max batch size: 50, batch cushion: 5, Interval: 1.
2023-12-08 17:42:23,371|azureml._SubmittedRun#mslearn-diabetes_1702057179_5cd71132.RunHistoryFacade.MetricsClient.PostMetricsBatchV2.PostMetricsBatchV2Daemon|DEBUG|Starting daemon and triggering first instance
2023-12-08 17:42:23,372|azureml._SubmittedRun#mslearn-diabetes_1702057179_5cd71132.RunHistoryFacade.MetricsClient|DEBUG|Used <class 'azureml._common.async_utils.batch_task_queue.BatchTaskQueue'> for use_batch=True.
2023-12-08 17:42:23,377|azureml._SubmittedRun#mslearn-diabetes_1702057179_5cd71132|INFO|complete is not setting status for submitted runs.
2023-12-08 17:42:23,377|azureml._SubmittedRun#mslearn-diabetes_1702057179_5cd71132.RunHistoryFacade.MetricsClient.FlushingMetricsClient|DEBUG|[START]
2023-12-08 17:42:23,378|azureml._SubmittedRun#mslearn-diabetes_1702057179_5cd71132.RunHistoryFacade.MetricsClient|DEBUG|Overrides: Max batch size: 50, batch cushion: 5, Interval: 1.
2023-12-08 17:42:23,378|azureml._SubmittedRun#mslearn-diabetes_1702057179_5cd71132.RunHistoryFacade.MetricsClient.PostMetricsBatch.PostMetricsBatchDaemon|DEBUG|Starting daemon and triggering first instance
2023-12-08 17:42:23,378|azureml._SubmittedRun#mslearn-diabetes_1702057179_5cd71132.RunHistoryFacade.MetricsClient|DEBUG|Used <class 'azureml._common.async_utils.batch_task_queue.BatchTaskQueue'> for use_batch=True.
2023-12-08 17:42:23,378|azureml._SubmittedRun#mslearn-diabetes_1702057179_5cd71132.RunHistoryFacade.MetricsClient.PostMetricsBatch.WaitFlushSource:MetricsClient|DEBUG|[START]
2023-12-08 17:42:23,378|azureml._SubmittedRun#mslearn-diabetes_1702057179_5cd71132.RunHistoryFacade.MetricsClient.PostMetricsBatch.WaitFlushSource:MetricsClient|DEBUG|flush timeout 300 is different from task queue timeout 120, using flush timeout
2023-12-08 17:42:23,378|azureml._SubmittedRun#mslearn-diabetes_1702057179_5cd71132.RunHistoryFacade.MetricsClient.PostMetricsBatch.WaitFlushSource:MetricsClient|DEBUG|Waiting 300 seconds on tasks: [].
2023-12-08 17:42:23,378|azureml._SubmittedRun#mslearn-diabetes_1702057179_5cd71132.RunHistoryFacade.MetricsClient.PostMetricsBatch|DEBUG|
2023-12-08 17:42:23,378|azureml._SubmittedRun#mslearn-diabetes_1702057179_5cd71132.RunHistoryFacade.MetricsClient.PostMetricsBatch.WaitFlushSource:MetricsClient|DEBUG|[STOP]
2023-12-08 17:42:23,378|azureml.BatchTaskQueueAdd_1_Batches|DEBUG|[Start]
2023-12-08 17:42:23,378|azureml.BatchTaskQueueAdd_1_Batches.WorkerPool|DEBUG|submitting future: _handle_batch
2023-12-08 17:42:23,379|azureml._SubmittedRun#mslearn-diabetes_1702057179_5cd71132.RunHistoryFacade.MetricsClient.PostMetricsBatchV2|DEBUG|Batch size 3.
2023-12-08 17:42:23,379|azureml.BatchTaskQueueAdd_1_Batches.0__handle_batch|DEBUG|Using basic handler - no exception handling
2023-12-08 17:42:23,379|azureml._restclient.service_context.WorkerPool|DEBUG|submitting future: _log_batch_v2
2023-12-08 17:42:23,379|azureml.BatchTaskQueueAdd_1_Batches|DEBUG|Adding task 0__handle_batch to queue of approximate size: 0
2023-12-08 17:42:23,379|azureml.BatchTaskQueueAdd_1_Batches|DEBUG|[Stop] - waiting default timeout
2023-12-08 17:42:23,379|azureml.BatchTaskQueueAdd_1_Batches.WaitFlushSource:BatchTaskQueueAdd_1_Batches|DEBUG|[START]
2023-12-08 17:42:23,379|azureml.BatchTaskQueueAdd_1_Batches.WaitFlushSource:BatchTaskQueueAdd_1_Batches|DEBUG|Overriding default flush timeout from None to 120
2023-12-08 17:42:23,379|azureml.BatchTaskQueueAdd_1_Batches.WaitFlushSource:BatchTaskQueueAdd_1_Batches|DEBUG|Waiting 120 seconds on tasks: [AsyncTask(0__handle_batch)].
2023-12-08 17:42:23,379|azureml._SubmittedRun#mslearn-diabetes_1702057179_5cd71132.RunHistoryFacade.MetricsClient|DEBUG|Metrics Client: _log_batch_v2 is calling post_run_metrics posting 3 values.
2023-12-08 17:42:23,379|azureml._SubmittedRun#mslearn-diabetes_1702057179_5cd71132.RunHistoryFacade.MetricsClient._post_run_metrics_log_failed_validations-async:False|DEBUG|[START]
2023-12-08 17:42:23,380|azureml._SubmittedRun#mslearn-diabetes_1702057179_5cd71132.RunHistoryFacade.MetricsClient|DEBUG|ClientBase: Calling _post_run_metrics_log_failed_validations with url None
2023-12-08 17:42:23,383|azureml._SubmittedRun#mslearn-diabetes_1702057179_5cd71132.RunHistoryFacade.MetricsClient.PostMetricsBatchV2.0__log_batch_v2|DEBUG|Using basic handler - no exception handling
2023-12-08 17:42:23,383|azureml._SubmittedRun#mslearn-diabetes_1702057179_5cd71132.RunHistoryFacade.MetricsClient.PostMetricsBatchV2|DEBUG|Adding task 0__log_batch_v2 to queue of approximate size: 0
2023-12-08 17:42:23,392|azureml._SubmittedRun#mslearn-diabetes_1702057179_5cd71132.RunHistoryFacade.ArtifactsClient.batch_create_empty_artifacts-async:False|DEBUG|[STOP]
2023-12-08 17:42:23,430|azureml._history.utils.context_managers.FileWatcher|DEBUG|uploading data to container: azureml blob: ExperimentRun/dcid.mslearn-diabetes_1702057179_5cd71132/logs/azureml/7_azureml.log path: /azureml-run/logs/azureml/7_azureml.log
2023-12-08 17:42:23,430|azureml._history.utils.context_managers.FileWatcher.UploadQueue.WorkerPool|DEBUG|submitting future: result
2023-12-08 17:42:23,430|azureml._history.utils.context_managers.FileWatcher.UploadQueue.0_result|DEBUG|Using basic handler - no exception handling
2023-12-08 17:42:23,431|azureml._history.utils.context_managers.FileWatcher.UploadQueue|DEBUG|Adding task 0_result to queue of approximate size: 0
2023-12-08 17:42:23,560|azureml._SubmittedRun#mslearn-diabetes_1702057179_5cd71132.RunHistoryFacade.MetricsClient._post_run_metrics_log_failed_validations-async:False|DEBUG|[STOP]
2023-12-08 17:42:23,630|azureml.BatchTaskQueueAdd_1_Batches.0__handle_batch.WaitingTask|DEBUG|[START]
2023-12-08 17:42:23,630|azureml.BatchTaskQueueAdd_1_Batches.0__handle_batch.WaitingTask|DEBUG|Awaiter is BatchTaskQueueAdd_1_Batches
2023-12-08 17:42:23,630|azureml.BatchTaskQueueAdd_1_Batches.0__handle_batch.WaitingTask|DEBUG|[STOP]
2023-12-08 17:42:23,630|azureml.BatchTaskQueueAdd_1_Batches|DEBUG|Waiting on task: 0__handle_batch.
1 tasks left. Current duration of flush 6.413459777832031e-05 seconds.

2023-12-08 17:42:23,630|azureml.BatchTaskQueueAdd_1_Batches.WaitFlushSource:BatchTaskQueueAdd_1_Batches|DEBUG|[STOP]
2023-12-08 17:42:23,630|azureml._SubmittedRun#mslearn-diabetes_1702057179_5cd71132.RunHistoryFacade.MetricsClient.PostMetricsBatchV2.WaitFlushSource:MetricsClient|DEBUG|[START]
2023-12-08 17:42:23,630|azureml._SubmittedRun#mslearn-diabetes_1702057179_5cd71132.RunHistoryFacade.MetricsClient.PostMetricsBatchV2.WaitFlushSource:MetricsClient|DEBUG|flush timeout 300 is different from task queue timeout 120, using flush timeout
2023-12-08 17:42:23,630|azureml._SubmittedRun#mslearn-diabetes_1702057179_5cd71132.RunHistoryFacade.MetricsClient.PostMetricsBatchV2.WaitFlushSource:MetricsClient|DEBUG|Waiting 300 seconds on tasks: [AsyncTask(0__log_batch_v2)].
2023-12-08 17:42:23,631|azureml._SubmittedRun#mslearn-diabetes_1702057179_5cd71132.RunHistoryFacade.MetricsClient.PostMetricsBatchV2.0__log_batch_v2.WaitingTask|DEBUG|[START]
2023-12-08 17:42:23,631|azureml._SubmittedRun#mslearn-diabetes_1702057179_5cd71132.RunHistoryFacade.MetricsClient.PostMetricsBatchV2.0__log_batch_v2.WaitingTask|DEBUG|Awaiter is PostMetricsBatchV2
2023-12-08 17:42:23,631|azureml._SubmittedRun#mslearn-diabetes_1702057179_5cd71132.RunHistoryFacade.MetricsClient.PostMetricsBatchV2.0__log_batch_v2.WaitingTask|DEBUG|[STOP]
2023-12-08 17:42:23,631|azureml._SubmittedRun#mslearn-diabetes_1702057179_5cd71132.RunHistoryFacade.MetricsClient.PostMetricsBatchV2|DEBUG|
2023-12-08 17:42:23,631|azureml._SubmittedRun#mslearn-diabetes_1702057179_5cd71132.RunHistoryFacade.MetricsClient.PostMetricsBatchV2.WaitFlushSource:MetricsClient|DEBUG|[STOP]
2023-12-08 17:42:23,631|azureml._SubmittedRun#mslearn-diabetes_1702057179_5cd71132.RunHistoryFacade.MetricsClient.FlushingMetricsClient|DEBUG|[STOP]
2023-12-08 17:42:23,631|azureml._SubmittedRun#mslearn-diabetes_1702057179_5cd71132.RunHistoryFacade.MetricsClient.wait_on_ingest-async:False|DEBUG|[START]
2023-12-08 17:42:23,631|azureml._SubmittedRun#mslearn-diabetes_1702057179_5cd71132.RunHistoryFacade.MetricsClient|DEBUG|ClientBase: Calling wait_on_ingest with url /history/v1.0/subscriptions/{subscriptionId}/resourceGroups/{resourceGroupName}/providers/Microsoft.MachineLearningServices/workspaces/{workspaceName}/experiments/{experimentName}/runs/{runId}/metricsingest/wait
2023-12-08 17:42:23,674|azureml._SubmittedRun#mslearn-diabetes_1702057179_5cd71132.RunHistoryFacade.MetricsClient.wait_on_ingest-async:False|DEBUG|[STOP]
2023-12-08 17:42:28,676|azureml._restclient.clientbase|DEBUG|ClientBase: Calling update_status with url None
2023-12-08 17:42:28,716|azureml.history._tracking.PythonWorkingDirectory.workingdir|DEBUG|Uploading tracked directories: [], excluding []
2023-12-08 17:42:28,716|azureml.history._tracking.PythonWorkingDirectory.workingdir|DEBUG|Calling track for pyfs
2023-12-08 17:42:28,815|azureml.history._tracking.PythonWorkingDirectory.workingdir|DEBUG|Calling pyfs
2023-12-08 17:42:28,815|azureml.history._tracking.PythonWorkingDirectory|INFO|Current working dir: /azureml-run
2023-12-08 17:42:28,815|azureml.history._tracking.PythonWorkingDirectory.workingdir|DEBUG|Reverting working dir from /azureml-run to /azureml-run
2023-12-08 17:42:28,815|azureml.history._tracking.PythonWorkingDirectory|INFO|Working dir is already updated /azureml-run
2023-12-08 17:42:28,815|azureml.history._tracking.PythonWorkingDirectory.workingdir|DEBUG|[STOP]
2023-12-08 17:42:28,815|azureml.WorkingDirectoryCM|DEBUG|[STOP]
2023-12-08 17:42:28,815|azureml.history._tracking.PythonWorkingDirectory.workingdir|DEBUG|Uploading tracked directories: ['./outputs'], excluding ['azureml-logs/driver_log']
2023-12-08 17:42:28,815|azureml.history._tracking.PythonWorkingDirectory.workingdir|DEBUG|Calling track for pyfs
2023-12-08 17:42:28,815|azureml.history._tracking.PythonWorkingDirectory|DEBUG|./outputs exists as directory, uploading..
2023-12-08 17:42:28,816|azureml.history._tracking.PythonWorkingDirectory|DEBUG|Found and adding path to upload: ./outputs/sample.csv
2023-12-08 17:42:28,816|azureml.history._tracking.PythonWorkingDirectory|DEBUG|Paths to upload is ['./outputs/sample.csv'] in dir ./outputs
2023-12-08 17:42:28,816|azureml._SubmittedRun#mslearn-diabetes_1702057179_5cd71132.RunHistoryFacade.ArtifactsClient.upload_files|DEBUG|Overriding default timeout to 300
2023-12-08 17:42:28,816|azureml._SubmittedRun#mslearn-diabetes_1702057179_5cd71132.RunHistoryFacade.ArtifactsClient.upload_files|DEBUG|[Start]
2023-12-08 17:42:28,816|azureml._SubmittedRun#mslearn-diabetes_1702057179_5cd71132.RunHistoryFacade.ArtifactsClient.batch_create_empty_artifacts-async:False|DEBUG|[START]
2023-12-08 17:42:28,816|azureml._SubmittedRun#mslearn-diabetes_1702057179_5cd71132.RunHistoryFacade.ArtifactsClient|DEBUG|ClientBase: Calling batch_create_empty_artifacts with url /artifact/v2.0/subscriptions/{subscriptionId}/resourceGroups/{resourceGroupName}/providers/Microsoft.MachineLearningServices/workspaces/{workspaceName}/artifacts/batch/metadata/{origin}/{container}
2023-12-08 17:42:28,907|azureml._SubmittedRun#mslearn-diabetes_1702057179_5cd71132.RunHistoryFacade.ArtifactsClient.batch_create_empty_artifacts-async:False|DEBUG|[STOP]
2023-12-08 17:42:28,907|azureml._restclient.service_context.WorkerPool|DEBUG|submitting future: perform_upload
2023-12-08 17:42:28,909|azureml._restclient.clientbase|DEBUG|ClientBase: Calling upload_blob with url None
2023-12-08 17:42:28,909|azureml._SubmittedRun#mslearn-diabetes_1702057179_5cd71132.RunHistoryFacade.ArtifactsClient.upload_files.0_perform_upload|DEBUG|Using basic handler - no exception handling
2023-12-08 17:42:28,910|azureml._SubmittedRun#mslearn-diabetes_1702057179_5cd71132.RunHistoryFacade.ArtifactsClient.upload_files|DEBUG|Adding task 0_perform_upload to queue of approximate size: 0
2023-12-08 17:42:28,910|azureml._SubmittedRun#mslearn-diabetes_1702057179_5cd71132.RunHistoryFacade.ArtifactsClient.upload_files|DEBUG|[Stop] - waiting default timeout
2023-12-08 17:42:28,910|azureml._SubmittedRun#mslearn-diabetes_1702057179_5cd71132.RunHistoryFacade.ArtifactsClient.upload_files.WaitFlushSource:upload_files|DEBUG|[START]
2023-12-08 17:42:28,910|azureml._SubmittedRun#mslearn-diabetes_1702057179_5cd71132.RunHistoryFacade.ArtifactsClient.upload_files.WaitFlushSource:upload_files|DEBUG|Overriding default flush timeout from None to 300
2023-12-08 17:42:28,911|azureml._SubmittedRun#mslearn-diabetes_1702057179_5cd71132.RunHistoryFacade.ArtifactsClient.upload_files.WaitFlushSource:upload_files|DEBUG|Waiting 300 seconds on tasks: [AsyncTask(0_perform_upload)].
2023-12-08 17:42:28,958|azureml._file_utils.upload|DEBUG|Uploaded blob ExperimentRun/dcid.mslearn-diabetes_1702057179_5cd71132/outputs/sample.csv with size 5455, file size 5455.
2023-12-08 17:42:29,161|azureml._SubmittedRun#mslearn-diabetes_1702057179_5cd71132.RunHistoryFacade.ArtifactsClient.upload_files.0_perform_upload.WaitingTask|DEBUG|[START]
2023-12-08 17:42:29,161|azureml._SubmittedRun#mslearn-diabetes_1702057179_5cd71132.RunHistoryFacade.ArtifactsClient.upload_files.0_perform_upload.WaitingTask|DEBUG|Awaiter is upload_files
2023-12-08 17:42:29,161|azureml._SubmittedRun#mslearn-diabetes_1702057179_5cd71132.RunHistoryFacade.ArtifactsClient.upload_files.0_perform_upload.WaitingTask|DEBUG|[STOP]
2023-12-08 17:42:29,161|azureml._SubmittedRun#mslearn-diabetes_1702057179_5cd71132.RunHistoryFacade.ArtifactsClient.upload_files|DEBUG|Waiting on task: 0_perform_upload.
1 tasks left. Current duration of flush 6.914138793945312e-05 seconds.

2023-12-08 17:42:29,161|azureml._SubmittedRun#mslearn-diabetes_1702057179_5cd71132.RunHistoryFacade.ArtifactsClient.upload_files.WaitFlushSource:upload_files|DEBUG|[STOP]
2023-12-08 17:42:29,161|azureml.TrackFolders|DEBUG|[STOP]
2023-12-08 17:42:29,161|azureml._history.utils.context_managers|DEBUG|exiting ContentUploader, waiting for file_watcher to finish upload...
2023-12-08 17:42:29,161|azureml._history.utils.context_managers.FileWatcher|DEBUG|FileWatcher called finish, setting event
2023-12-08 17:42:29,162|azureml._history.utils.context_managers.FileWatcher|DEBUG|FileWatcher received exit event, getting current_stat
2023-12-08 17:42:29,162|azureml._history.utils.context_managers.FileWatcher.UploadQueue.WorkerPool|DEBUG|submitting future: result
2023-12-08 17:42:29,164|azureml._history.utils.context_managers.FileWatcher.UploadQueue.1_result|DEBUG|Using basic handler - no exception handling
2023-12-08 17:42:29,164|azureml._history.utils.context_managers.FileWatcher.UploadQueue|DEBUG|Adding task 1_result to queue of approximate size: 1
2023-12-08 17:42:29,165|azureml._history.utils.context_managers.FileWatcher|DEBUG|FileWatcher retrieved current_stat, will upload to current_stat
2023-12-08 17:42:29,165|azureml._history.utils.context_managers.FileWatcher|DEBUG|FileWatcher uploading files to current_stat...
2023-12-08 17:42:29,165|azureml._history.utils.context_managers.FileWatcher|DEBUG|FileWatcher uploading files to current_stat...
2023-12-08 17:42:29,165|azureml._history.utils.context_managers.FileWatcher|DEBUG|FileWatcher uploading files to current_stat...
2023-12-08 17:42:29,165|azureml._history.utils.context_managers.FileWatcher|DEBUG|FileWatcher uploading files to current_stat...
2023-12-08 17:42:29,165|azureml._history.utils.context_managers.FileWatcher|DEBUG|FileWatcher uploading files to current_stat...
2023-12-08 17:42:29,165|azureml._history.utils.context_managers.FileWatcher|DEBUG|FileWatcher uploading files to current_stat...
2023-12-08 17:42:29,165|azureml._history.utils.context_managers.FileWatcher|DEBUG|FileWatcher uploading files to current_stat...
2023-12-08 17:42:29,166|azureml._history.utils.context_managers.FileWatcher|DEBUG|FileWatcher uploading files to current_stat...
2023-12-08 17:42:29,166|azureml._history.utils.context_managers.FileWatcher|DEBUG|FileWatcher uploading files to current_stat...
2023-12-08 17:42:29,166|azureml._history.utils.context_managers.FileWatcher|DEBUG|FileWatcher uploading files to current_stat...
2023-12-08 17:42:29,166|azureml._history.utils.context_managers.FileWatcher|DEBUG|FileWatcher uploading files to current_stat...
2023-12-08 17:42:29,166|azureml._history.utils.context_managers.FileWatcher|DEBUG|FileWatcher uploading files to current_stat...
2023-12-08 17:42:29,166|azureml._history.utils.context_managers.FileWatcher|DEBUG|FileWatcher uploading files to current_stat...
2023-12-08 17:42:29,166|azureml._history.utils.context_managers.FileWatcher|DEBUG|FileWatcher uploading files to current_stat...
2023-12-08 17:42:29,166|azureml._history.utils.context_managers.FileWatcher|DEBUG|FileWatcher uploading files to current_stat...
2023-12-08 17:42:29,167|azureml._history.utils.context_managers.FileWatcher|DEBUG|FileWatcher uploading files to current_stat...
2023-12-08 17:42:29,167|azureml._history.utils.context_managers.FileWatcher|DEBUG|FileWatcher uploading files to current_stat...
2023-12-08 17:42:29,167|azureml._history.utils.context_managers.FileWatcher|DEBUG|FileWatcher uploading files to current_stat...
2023-12-08 17:42:29,167|azureml._history.utils.context_managers.FileWatcher|DEBUG|FileWatcher uploading files to current_stat...
2023-12-08 17:42:29,167|azureml._history.utils.context_managers.FileWatcher|DEBUG|FileWatcher uploading files to current_stat...
2023-12-08 17:42:29,167|azureml._history.utils.context_managers.FileWatcher|DEBUG|FileWatcher uploading files to current_stat...
2023-12-08 17:42:29,167|azureml._history.utils.context_managers.FileWatcher|DEBUG|FileWatcher uploading files to current_stat...
2023-12-08 17:42:29,167|azureml._history.utils.context_managers.FileWatcher|DEBUG|FileWatcher uploading files to current_stat...
2023-12-08 17:42:29,168|azureml._history.utils.context_managers.FileWatcher|DEBUG|FileWatcher uploading files to current_stat...
2023-12-08 17:42:29,168|azureml._history.utils.context_managers.FileWatcher|DEBUG|FileWatcher uploading files to current_stat...
2023-12-08 17:42:29,168|azureml._history.utils.context_managers.FileWatcher|DEBUG|FileWatcher uploading files to current_stat...
2023-12-08 17:42:29,168|azureml._history.utils.context_managers.FileWatcher|DEBUG|FileWatcher uploading files to current_stat...
2023-12-08 17:42:29,168|azureml._history.utils.context_managers.FileWatcher|DEBUG|FileWatcher uploading files to current_stat...
2023-12-08 17:42:29,168|azureml._history.utils.context_managers.FileWatcher|DEBUG|FileWatcher uploading files to current_stat...
2023-12-08 17:42:29,168|azureml._history.utils.context_managers.FileWatcher|DEBUG|FileWatcher uploading files to current_stat...
2023-12-08 17:42:29,168|azureml._history.utils.context_managers.FileWatcher|DEBUG|FileWatcher uploading files to current_stat...
2023-12-08 17:42:29,169|azureml._history.utils.context_managers.FileWatcher|DEBUG|FileWatcher uploading files to current_stat...
2023-12-08 17:42:29,169|azureml._history.utils.context_managers.FileWatcher|DEBUG|FileWatcher uploading files to current_stat...
2023-12-08 17:42:29,169|azureml._history.utils.context_managers.FileWatcher|DEBUG|FileWatcher uploading files to current_stat...
2023-12-08 17:42:29,169|azureml._history.utils.context_managers.FileWatcher|DEBUG|FileWatcher uploading files to current_stat...
2023-12-08 17:42:29,169|azureml._history.utils.context_managers.FileWatcher|DEBUG|FileWatcher uploading files to current_stat...
2023-12-08 17:42:29,169|azureml._history.utils.context_managers.FileWatcher|DEBUG|FileWatcher uploading files to current_stat...
2023-12-08 17:42:29,169|azureml._history.utils.context_managers.FileWatcher|DEBUG|FileWatcher uploading files to current_stat...
2023-12-08 17:42:29,169|azureml._history.utils.context_managers.FileWatcher|DEBUG|FileWatcher uploading files to current_stat...
2023-12-08 17:42:29,170|azureml._history.utils.context_managers.FileWatcher|DEBUG|FileWatcher uploading files to current_stat...
2023-12-08 17:42:29,170|azureml._history.utils.context_managers.FileWatcher|DEBUG|FileWatcher uploading files to current_stat...
2023-12-08 17:42:29,170|azureml._history.utils.context_managers.FileWatcher|DEBUG|FileWatcher uploading files to current_stat...
2023-12-08 17:42:29,170|azureml._history.utils.context_managers.FileWatcher|DEBUG|FileWatcher uploading files to current_stat...
2023-12-08 17:42:29,170|azureml._history.utils.context_managers.FileWatcher|DEBUG|FileWatcher uploading files to current_stat...
2023-12-08 17:42:29,170|azureml._history.utils.context_managers.FileWatcher|DEBUG|FileWatcher uploading files to current_stat...
2023-12-08 17:42:29,170|azureml._history.utils.context_managers.FileWatcher|DEBUG|FileWatcher uploading files to current_stat...
2023-12-08 17:42:29,170|azureml._history.utils.context_managers.FileWatcher|DEBUG|FileWatcher uploading files to current_stat...
2023-12-08 17:42:29,170|azureml._history.utils.context_managers.FileWatcher|DEBUG|FileWatcher uploading files to current_stat...
2023-12-08 17:42:29,171|azureml._history.utils.context_managers.FileWatcher|DEBUG|FileWatcher uploading files to current_stat...
2023-12-08 17:42:29,171|azureml._history.utils.context_managers.FileWatcher|DEBUG|FileWatcher uploading files to current_stat...
2023-12-08 17:42:29,171|azureml._history.utils.context_managers.FileWatcher|DEBUG|FileWatcher uploading files to current_stat...
2023-12-08 17:42:29,171|azureml._history.utils.context_managers.FileWatcher|DEBUG|FileWatcher uploading files to current_stat...
2023-12-08 17:42:29,171|azureml._history.utils.context_managers.FileWatcher|DEBUG|FileWatcher uploading files to current_stat...
2023-12-08 17:42:29,171|azureml._history.utils.context_managers.FileWatcher|DEBUG|FileWatcher uploading files to current_stat...
2023-12-08 17:42:29,171|azureml._history.utils.context_managers.FileWatcher|DEBUG|FileWatcher uploading files to current_stat...
2023-12-08 17:42:29,176|azureml._history.utils.context_managers.FileWatcher|DEBUG|FileWatcher uploading files to current_stat...
2023-12-08 17:42:29,177|azureml._history.utils.context_managers.FileWatcher|DEBUG|FileWatcher uploading files to current_stat...
2023-12-08 17:42:29,177|azureml._history.utils.context_managers.FileWatcher|DEBUG|FileWatcher uploading files to current_stat...
2023-12-08 17:42:29,177|azureml._history.utils.context_managers.FileWatcher|DEBUG|FileWatcher uploading files to current_stat...
2023-12-08 17:42:29,179|azureml._history.utils.context_managers.FileWatcher|DEBUG|FileWatcher uploading files to current_stat...
2023-12-08 17:42:29,179|azureml._history.utils.context_managers.FileWatcher|DEBUG|FileWatcher uploading files to current_stat...
2023-12-08 17:42:29,179|azureml._history.utils.context_managers.FileWatcher|DEBUG|FileWatcher uploading files to current_stat...
2023-12-08 17:42:29,179|azureml._history.utils.context_managers.FileWatcher|DEBUG|FileWatcher uploading files to current_stat...
2023-12-08 17:42:29,179|azureml._history.utils.context_managers.FileWatcher|DEBUG|FileWatcher uploading files to current_stat...
2023-12-08 17:42:29,179|azureml._history.utils.context_managers.FileWatcher|DEBUG|FileWatcher uploading files to current_stat...
2023-12-08 17:42:29,180|azureml._history.utils.context_managers.FileWatcher|DEBUG|FileWatcher uploading files to current_stat...
2023-12-08 17:42:29,180|azureml._history.utils.context_managers.FileWatcher|DEBUG|FileWatcher uploading files to current_stat...
2023-12-08 17:42:29,180|azureml._history.utils.context_managers.FileWatcher|DEBUG|FileWatcher uploading files to current_stat...
2023-12-08 17:42:29,180|azureml._history.utils.context_managers.FileWatcher|DEBUG|FileWatcher uploading files to current_stat...
2023-12-08 17:42:29,180|azureml._history.utils.context_managers.FileWatcher|DEBUG|FileWatcher uploading files to current_stat...
2023-12-08 17:42:29,180|azureml._history.utils.context_managers.FileWatcher|DEBUG|FileWatcher uploading files to current_stat...
2023-12-08 17:42:29,180|azureml._history.utils.context_managers.FileWatcher|DEBUG|FileWatcher uploading files to current_stat...
2023-12-08 17:42:29,181|azureml._history.utils.context_managers.FileWatcher|DEBUG|FileWatcher uploading files to current_stat...
2023-12-08 17:42:29,181|azureml._history.utils.context_managers.FileWatcher|DEBUG|FileWatcher uploading files to current_stat...
2023-12-08 17:42:29,181|azureml._history.utils.context_managers.FileWatcher|DEBUG|FileWatcher uploading files to current_stat...
2023-12-08 17:42:29,181|azureml._history.utils.context_managers.FileWatcher|DEBUG|FileWatcher uploading files to current_stat...
2023-12-08 17:42:29,181|azureml._history.utils.context_managers.FileWatcher|DEBUG|FileWatcher uploading files to current_stat...
2023-12-08 17:42:29,181|azureml._history.utils.context_managers.FileWatcher|DEBUG|FileWatcher uploading files to current_stat...
2023-12-08 17:42:29,181|azureml._history.utils.context_managers.FileWatcher|DEBUG|FileWatcher uploading files to current_stat...
2023-12-08 17:42:29,181|azureml._history.utils.context_managers.FileWatcher|DEBUG|FileWatcher uploading files to current_stat...
2023-12-08 17:42:29,182|azureml._history.utils.context_managers.FileWatcher|DEBUG|FileWatcher uploading files to current_stat...
2023-12-08 17:42:29,182|azureml._history.utils.context_managers.FileWatcher|DEBUG|FileWatcher uploading files to current_stat...
2023-12-08 17:42:29,182|azureml._history.utils.context_managers.FileWatcher|DEBUG|FileWatcher uploading files to current_stat...
2023-12-08 17:42:29,182|azureml._history.utils.context_managers.FileWatcher|DEBUG|FileWatcher uploading files to current_stat...
2023-12-08 17:42:29,182|azureml._history.utils.context_managers.FileWatcher|DEBUG|FileWatcher uploading files to current_stat...
2023-12-08 17:42:29,182|azureml._history.utils.context_managers.FileWatcher|DEBUG|FileWatcher uploading files to current_stat...
2023-12-08 17:42:29,183|azureml._history.utils.context_managers.FileWatcher|DEBUG|FileWatcher uploading files to current_stat...
2023-12-08 17:42:29,183|azureml._history.utils.context_managers.FileWatcher|DEBUG|FileWatcher uploading files to current_stat...
2023-12-08 17:42:29,183|azureml._history.utils.context_managers.FileWatcher|DEBUG|FileWatcher uploading files to current_stat...
2023-12-08 17:42:29,183|azureml._history.utils.context_managers.FileWatcher|DEBUG|FileWatcher uploading files to current_stat...
2023-12-08 17:42:29,183|azureml._history.utils.context_managers.FileWatcher|DEBUG|FileWatcher uploading files to current_stat...
2023-12-08 17:42:29,183|azureml._history.utils.context_managers.FileWatcher|DEBUG|FileWatcher uploading files to current_stat...
2023-12-08 17:42:29,183|azureml._history.utils.context_managers.FileWatcher|DEBUG|FileWatcher uploading files to current_stat...
2023-12-08 17:42:29,184|azureml._history.utils.context_managers.FileWatcher|DEBUG|FileWatcher uploading files to current_stat...
2023-12-08 17:42:29,184|azureml._history.utils.context_managers.FileWatcher|DEBUG|FileWatcher uploading files to current_stat...
2023-12-08 17:42:29,184|azureml._history.utils.context_managers.FileWatcher|DEBUG|FileWatcher uploading files to current_stat...
2023-12-08 17:42:29,184|azureml._history.utils.context_managers.FileWatcher|DEBUG|FileWatcher uploading files to current_stat...
2023-12-08 17:42:29,184|azureml._history.utils.context_managers.FileWatcher|DEBUG|FileWatcher uploading files to current_stat...
2023-12-08 17:42:29,185|azureml._history.utils.context_managers.FileWatcher.UploadQueue.WorkerPool|DEBUG|submitting future: result
2023-12-08 17:42:29,189|azureml._history.utils.context_managers.FileWatcher.UploadQueue.2_result|DEBUG|Using basic handler - no exception handling
2023-12-08 17:42:29,189|azureml._history.utils.context_managers.FileWatcher.UploadQueue|DEBUG|Adding task 2_result to queue of approximate size: 2
2023-12-08 17:42:29,189|azureml._history.utils.context_managers.FileWatcher|DEBUG|FileWatcher finished uploading to current_stat, finishing task queue
2023-12-08 17:42:29,189|azureml._history.utils.context_managers.FileWatcher.UploadQueue|DEBUG|[Stop] - waiting default timeout
2023-12-08 17:42:29,189|azureml._history.utils.context_managers.FileWatcher.UploadQueue.WaitFlushSource:UploadQueue|DEBUG|[START]
2023-12-08 17:42:29,189|azureml._history.utils.context_managers.FileWatcher.UploadQueue.WaitFlushSource:UploadQueue|DEBUG|Overriding default flush timeout from None to 120
2023-12-08 17:42:29,189|azureml._history.utils.context_managers.FileWatcher.UploadQueue.WaitFlushSource:UploadQueue|DEBUG|Waiting 120 seconds on tasks: [AsyncTask(0_result), AsyncTask(1_result), AsyncTask(2_result)].
2023-12-08 17:42:29,192|azureml._history.utils.context_managers.FileWatcher.UploadQueue.0_result.WaitingTask|DEBUG|[START]
2023-12-08 17:42:29,192|azureml._history.utils.context_managers.FileWatcher.UploadQueue.0_result.WaitingTask|DEBUG|Awaiter is UploadQueue
2023-12-08 17:42:29,192|azureml._history.utils.context_managers.FileWatcher.UploadQueue.0_result.WaitingTask|DEBUG|[STOP]
2023-12-08 17:42:29,192|azureml._history.utils.context_managers.FileWatcher.UploadQueue.1_result.WaitingTask|DEBUG|[START]
2023-12-08 17:42:29,192|azureml._history.utils.context_managers.FileWatcher.UploadQueue.1_result.WaitingTask|DEBUG|Awaiter is UploadQueue
2023-12-08 17:42:29,192|azureml._history.utils.context_managers.FileWatcher.UploadQueue.1_result.WaitingTask|DEBUG|[STOP]
2023-12-08 17:42:29,443|azureml._history.utils.context_managers.FileWatcher.UploadQueue.2_result.WaitingTask|DEBUG|[START]
2023-12-08 17:42:29,443|azureml._history.utils.context_managers.FileWatcher.UploadQueue.2_result.WaitingTask|DEBUG|Awaiter is UploadQueue
2023-12-08 17:42:29,443|azureml._history.utils.context_managers.FileWatcher.UploadQueue.2_result.WaitingTask|DEBUG|[STOP]
2023-12-08 17:42:29,443|azureml._history.utils.context_managers.FileWatcher.UploadQueue|DEBUG|Waiting on task: 2_result.
1 tasks left. Current duration of flush 0.003289461135864258 seconds.

2023-12-08 17:42:29,443|azureml._history.utils.context_managers.FileWatcher.UploadQueue.WaitFlushSource:UploadQueue|DEBUG|[STOP]
